Running without mySQLdb library
1000 reads; of these:
  1000 (100.00%) were unpaired; of these:
    1000 (100.00%) aligned 0 times
    0 (0.00%) aligned exactly 1 time
    0 (0.00%) aligned >1 times
0.00% overall alignment rate
1000 reads; of these:
  1000 (100.00%) were unpaired; of these:
    1000 (100.00%) aligned 0 times
    0 (0.00%) aligned exactly 1 time
    0 (0.00%) aligned >1 times
0.00% overall alignment rate
1000 reads; of these:
  1000 (100.00%) were unpaired; of these:
    1000 (100.00%) aligned 0 times
    0 (0.00%) aligned exactly 1 time
    0 (0.00%) aligned >1 times
0.00% overall alignment rate
0 reads
0.00% overall alignment rate
Running without mySQLdb library
1000 reads; of these:
  1000 (100.00%) were unpaired; of these:
    1000 (100.00%) aligned 0 times
    0 (0.00%) aligned exactly 1 time
    0 (0.00%) aligned >1 times
0.00% overall alignment rate
1000 reads; of these:
  1000 (100.00%) were unpaired; of these:
    997 (99.70%) aligned 0 times
    3 (0.30%) aligned exactly 1 time
    0 (0.00%) aligned >1 times
0.30% overall alignment rate
1000 reads; of these:
  1000 (100.00%) were unpaired; of these:
    1000 (100.00%) aligned 0 times
    0 (0.00%) aligned exactly 1 time
    0 (0.00%) aligned >1 times
0.00% overall alignment rate
3 reads; of these:
  3 (100.00%) were unpaired; of these:
    3 (100.00%) aligned 0 times
    0 (0.00%) aligned exactly 1 time
    0 (0.00%) aligned >1 times
0.00% overall alignment rate
Running without mySQLdb library
1000 reads; of these:
  1000 (100.00%) were unpaired; of these:
    1000 (100.00%) aligned 0 times
    0 (0.00%) aligned exactly 1 time
    0 (0.00%) aligned >1 times
0.00% overall alignment rate
1000 reads; of these:
  1000 (100.00%) were unpaired; of these:
    999 (99.90%) aligned 0 times
    1 (0.10%) aligned exactly 1 time
    0 (0.00%) aligned >1 times
0.10% overall alignment rate
1000 reads; of these:
  1000 (100.00%) were unpaired; of these:
    1000 (100.00%) aligned 0 times
    0 (0.00%) aligned exactly 1 time
    0 (0.00%) aligned >1 times
0.00% overall alignment rate
1 reads; of these:
  1 (100.00%) were unpaired; of these:
    1 (100.00%) aligned 0 times
    0 (0.00%) aligned exactly 1 time
    0 (0.00%) aligned >1 times
0.00% overall alignment rate
Running without mySQLdb library
1000 reads; of these:
  1000 (100.00%) were unpaired; of these:
    998 (99.80%) aligned 0 times
    2 (0.20%) aligned exactly 1 time
    0 (0.00%) aligned >1 times
0.20% overall alignment rate
1000 reads; of these:
  1000 (100.00%) were unpaired; of these:
    998 (99.80%) aligned 0 times
    2 (0.20%) aligned exactly 1 time
    0 (0.00%) aligned >1 times
0.20% overall alignment rate
1000 reads; of these:
  1000 (100.00%) were unpaired; of these:
    1000 (100.00%) aligned 0 times
    0 (0.00%) aligned exactly 1 time
    0 (0.00%) aligned >1 times
0.00% overall alignment rate
2 reads; of these:
  2 (100.00%) were unpaired; of these:
    2 (100.00%) aligned 0 times
    0 (0.00%) aligned exactly 1 time
    0 (0.00%) aligned >1 times
0.00% overall alignment rate
Running without mySQLdb library
1000 reads; of these:
  1000 (100.00%) were unpaired; of these:
    999 (99.90%) aligned 0 times
    0 (0.00%) aligned exactly 1 time
    1 (0.10%) aligned >1 times
0.10% overall alignment rate
1000 reads; of these:
  1000 (100.00%) were unpaired; of these:
    999 (99.90%) aligned 0 times
    1 (0.10%) aligned exactly 1 time
    0 (0.00%) aligned >1 times
0.10% overall alignment rate
1000 reads; of these:
  1000 (100.00%) were unpaired; of these:
    999 (99.90%) aligned 0 times
    0 (0.00%) aligned exactly 1 time
    1 (0.10%) aligned >1 times
0.10% overall alignment rate
1 reads; of these:
  1 (100.00%) were unpaired; of these:
    1 (100.00%) aligned 0 times
    0 (0.00%) aligned exactly 1 time
    0 (0.00%) aligned >1 times
0.00% overall alignment rate
Running without mySQLdb library
1000 reads; of these:
  1000 (100.00%) were unpaired; of these:
    1000 (100.00%) aligned 0 times
    0 (0.00%) aligned exactly 1 time
    0 (0.00%) aligned >1 times
0.00% overall alignment rate
1000 reads; of these:
  1000 (100.00%) were unpaired; of these:
    999 (99.90%) aligned 0 times
    0 (0.00%) aligned exactly 1 time
    1 (0.10%) aligned >1 times
0.10% overall alignment rate
1000 reads; of these:
  1000 (100.00%) were unpaired; of these:
    999 (99.90%) aligned 0 times
    1 (0.10%) aligned exactly 1 time
    0 (0.00%) aligned >1 times
0.10% overall alignment rate
1 reads; of these:
  1 (100.00%) were unpaired; of these:
    1 (100.00%) aligned 0 times
    0 (0.00%) aligned exactly 1 time
    0 (0.00%) aligned >1 times
0.00% overall alignment rate
Running without mySQLdb library
1000 reads; of these:
  1000 (100.00%) were unpaired; of these:
    1000 (100.00%) aligned 0 times
    0 (0.00%) aligned exactly 1 time
    0 (0.00%) aligned >1 times
0.00% overall alignment rate
1000 reads; of these:
  1000 (100.00%) were unpaired; of these:
    1000 (100.00%) aligned 0 times
    0 (0.00%) aligned exactly 1 time
    0 (0.00%) aligned >1 times
0.00% overall alignment rate
1000 reads; of these:
  1000 (100.00%) were unpaired; of these:
    1000 (100.00%) aligned 0 times
    0 (0.00%) aligned exactly 1 time
    0 (0.00%) aligned >1 times
0.00% overall alignment rate
0 reads
0.00% overall alignment rate
Running without mySQLdb library
1000 reads; of these:
  1000 (100.00%) were unpaired; of these:
    1000 (100.00%) aligned 0 times
    0 (0.00%) aligned exactly 1 time
    0 (0.00%) aligned >1 times
0.00% overall alignment rate
1000 reads; of these:
  1000 (100.00%) were unpaired; of these:
    1000 (100.00%) aligned 0 times
    0 (0.00%) aligned exactly 1 time
    0 (0.00%) aligned >1 times
0.00% overall alignment rate
1000 reads; of these:
  1000 (100.00%) were unpaired; of these:
    1000 (100.00%) aligned 0 times
    0 (0.00%) aligned exactly 1 time
    0 (0.00%) aligned >1 times
0.00% overall alignment rate
0 reads
0.00% overall alignment rate
Running without mySQLdb library
1000 reads; of these:
  1000 (100.00%) were unpaired; of these:
    1000 (100.00%) aligned 0 times
    0 (0.00%) aligned exactly 1 time
    0 (0.00%) aligned >1 times
0.00% overall alignment rate
1000 reads; of these:
  1000 (100.00%) were unpaired; of these:
    999 (99.90%) aligned 0 times
    1 (0.10%) aligned exactly 1 time
    0 (0.00%) aligned >1 times
0.10% overall alignment rate
1000 reads; of these:
  1000 (100.00%) were unpaired; of these:
    1000 (100.00%) aligned 0 times
    0 (0.00%) aligned exactly 1 time
    0 (0.00%) aligned >1 times
0.00% overall alignment rate
1 reads; of these:
  1 (100.00%) were unpaired; of these:
    1 (100.00%) aligned 0 times
    0 (0.00%) aligned exactly 1 time
    0 (0.00%) aligned >1 times
0.00% overall alignment rate
Running without mySQLdb library
1000 reads; of these:
  1000 (100.00%) were unpaired; of these:
    1000 (100.00%) aligned 0 times
    0 (0.00%) aligned exactly 1 time
    0 (0.00%) aligned >1 times
0.00% overall alignment rate
1000 reads; of these:
  1000 (100.00%) were unpaired; of these:
    997 (99.70%) aligned 0 times
    3 (0.30%) aligned exactly 1 time
    0 (0.00%) aligned >1 times
0.30% overall alignment rate
1000 reads; of these:
  1000 (100.00%) were unpaired; of these:
    1000 (100.00%) aligned 0 times
    0 (0.00%) aligned exactly 1 time
    0 (0.00%) aligned >1 times
0.00% overall alignment rate
3 reads; of these:
  3 (100.00%) were unpaired; of these:
    3 (100.00%) aligned 0 times
    0 (0.00%) aligned exactly 1 time
    0 (0.00%) aligned >1 times
0.00% overall alignment rate
Running without mySQLdb library
1000 reads; of these:
  1000 (100.00%) were unpaired; of these:
    999 (99.90%) aligned 0 times
    1 (0.10%) aligned exactly 1 time
    0 (0.00%) aligned >1 times
0.10% overall alignment rate
1000 reads; of these:
  1000 (100.00%) were unpaired; of these:
    1000 (100.00%) aligned 0 times
    0 (0.00%) aligned exactly 1 time
    0 (0.00%) aligned >1 times
0.00% overall alignment rate
1000 reads; of these:
  1000 (100.00%) were unpaired; of these:
    1000 (100.00%) aligned 0 times
    0 (0.00%) aligned exactly 1 time
    0 (0.00%) aligned >1 times
0.00% overall alignment rate
1 reads; of these:
  1 (100.00%) were unpaired; of these:
    1 (100.00%) aligned 0 times
    0 (0.00%) aligned exactly 1 time
    0 (0.00%) aligned >1 times
0.00% overall alignment rate
Running without mySQLdb library
1000 reads; of these:
  1000 (100.00%) were unpaired; of these:
    1000 (100.00%) aligned 0 times
    0 (0.00%) aligned exactly 1 time
    0 (0.00%) aligned >1 times
0.00% overall alignment rate
1000 reads; of these:
  1000 (100.00%) were unpaired; of these:
    1000 (100.00%) aligned 0 times
    0 (0.00%) aligned exactly 1 time
    0 (0.00%) aligned >1 times
0.00% overall alignment rate
1000 reads; of these:
  1000 (100.00%) were unpaired; of these:
    1000 (100.00%) aligned 0 times
    0 (0.00%) aligned exactly 1 time
    0 (0.00%) aligned >1 times
0.00% overall alignment rate
0 reads
0.00% overall alignment rate
Running without mySQLdb library
1000 reads; of these:
  1000 (100.00%) were unpaired; of these:
    1000 (100.00%) aligned 0 times
    0 (0.00%) aligned exactly 1 time
    0 (0.00%) aligned >1 times
0.00% overall alignment rate
1000 reads; of these:
  1000 (100.00%) were unpaired; of these:
    1000 (100.00%) aligned 0 times
    0 (0.00%) aligned exactly 1 time
    0 (0.00%) aligned >1 times
0.00% overall alignment rate
1000 reads; of these:
  1000 (100.00%) were unpaired; of these:
    1000 (100.00%) aligned 0 times
    0 (0.00%) aligned exactly 1 time
    0 (0.00%) aligned >1 times
0.00% overall alignment rate
0 reads
0.00% overall alignment rate
Running without mySQLdb library
1000 reads; of these:
  1000 (100.00%) were unpaired; of these:
    1000 (100.00%) aligned 0 times
    0 (0.00%) aligned exactly 1 time
    0 (0.00%) aligned >1 times
0.00% overall alignment rate
1000 reads; of these:
  1000 (100.00%) were unpaired; of these:
    1000 (100.00%) aligned 0 times
    0 (0.00%) aligned exactly 1 time
    0 (0.00%) aligned >1 times
0.00% overall alignment rate
1000 reads; of these:
  1000 (100.00%) were unpaired; of these:
    1000 (100.00%) aligned 0 times
    0 (0.00%) aligned exactly 1 time
    0 (0.00%) aligned >1 times
0.00% overall alignment rate
0 reads
0.00% overall alignment rate
Running without mySQLdb library
1000 reads; of these:
  1000 (100.00%) were unpaired; of these:
    1000 (100.00%) aligned 0 times
    0 (0.00%) aligned exactly 1 time
    0 (0.00%) aligned >1 times
0.00% overall alignment rate
1000 reads; of these:
  1000 (100.00%) were unpaired; of these:
    1000 (100.00%) aligned 0 times
    0 (0.00%) aligned exactly 1 time
    0 (0.00%) aligned >1 times
0.00% overall alignment rate
1000 reads; of these:
  1000 (100.00%) were unpaired; of these:
    1000 (100.00%) aligned 0 times
    0 (0.00%) aligned exactly 1 time
    0 (0.00%) aligned >1 times
0.00% overall alignment rate
0 reads
0.00% overall alignment rate
Running without mySQLdb library
1000 reads; of these:
  1000 (100.00%) were unpaired; of these:
    999 (99.90%) aligned 0 times
    1 (0.10%) aligned exactly 1 time
    0 (0.00%) aligned >1 times
0.10% overall alignment rate
1000 reads; of these:
  1000 (100.00%) were unpaired; of these:
    1000 (100.00%) aligned 0 times
    0 (0.00%) aligned exactly 1 time
    0 (0.00%) aligned >1 times
0.00% overall alignment rate
1000 reads; of these:
  1000 (100.00%) were unpaired; of these:
    1000 (100.00%) aligned 0 times
    0 (0.00%) aligned exactly 1 time
    0 (0.00%) aligned >1 times
0.00% overall alignment rate
1 reads; of these:
  1 (100.00%) were unpaired; of these:
    1 (100.00%) aligned 0 times
    0 (0.00%) aligned exactly 1 time
    0 (0.00%) aligned >1 times
0.00% overall alignment rate
Running without mySQLdb library
1000 reads; of these:
  1000 (100.00%) were unpaired; of these:
    1000 (100.00%) aligned 0 times
    0 (0.00%) aligned exactly 1 time
    0 (0.00%) aligned >1 times
0.00% overall alignment rate
1000 reads; of these:
  1000 (100.00%) were unpaired; of these:
    1000 (100.00%) aligned 0 times
    0 (0.00%) aligned exactly 1 time
    0 (0.00%) aligned >1 times
0.00% overall alignment rate
1000 reads; of these:
  1000 (100.00%) were unpaired; of these:
    1000 (100.00%) aligned 0 times
    0 (0.00%) aligned exactly 1 time
    0 (0.00%) aligned >1 times
0.00% overall alignment rate
0 reads
0.00% overall alignment rate
Running without mySQLdb library
1000 reads; of these:
  1000 (100.00%) were unpaired; of these:
    1000 (100.00%) aligned 0 times
    0 (0.00%) aligned exactly 1 time
    0 (0.00%) aligned >1 times
0.00% overall alignment rate
1000 reads; of these:
  1000 (100.00%) were unpaired; of these:
    1000 (100.00%) aligned 0 times
    0 (0.00%) aligned exactly 1 time
    0 (0.00%) aligned >1 times
0.00% overall alignment rate
1000 reads; of these:
  1000 (100.00%) were unpaired; of these:
    1000 (100.00%) aligned 0 times
    0 (0.00%) aligned exactly 1 time
    0 (0.00%) aligned >1 times
0.00% overall alignment rate
0 reads
0.00% overall alignment rate
Running without mySQLdb library
1000 reads; of these:
  1000 (100.00%) were unpaired; of these:
    998 (99.80%) aligned 0 times
    2 (0.20%) aligned exactly 1 time
    0 (0.00%) aligned >1 times
0.20% overall alignment rate
1000 reads; of these:
  1000 (100.00%) were unpaired; of these:
    1000 (100.00%) aligned 0 times
    0 (0.00%) aligned exactly 1 time
    0 (0.00%) aligned >1 times
0.00% overall alignment rate
1000 reads; of these:
  1000 (100.00%) were unpaired; of these:
    1000 (100.00%) aligned 0 times
    0 (0.00%) aligned exactly 1 time
    0 (0.00%) aligned >1 times
0.00% overall alignment rate
2 reads; of these:
  2 (100.00%) were unpaired; of these:
    2 (100.00%) aligned 0 times
    0 (0.00%) aligned exactly 1 time
    0 (0.00%) aligned >1 times
0.00% overall alignment rate
Running without mySQLdb library
1000 reads; of these:
  1000 (100.00%) were unpaired; of these:
    998 (99.80%) aligned 0 times
    2 (0.20%) aligned exactly 1 time
    0 (0.00%) aligned >1 times
0.20% overall alignment rate
1000 reads; of these:
  1000 (100.00%) were unpaired; of these:
    1000 (100.00%) aligned 0 times
    0 (0.00%) aligned exactly 1 time
    0 (0.00%) aligned >1 times
0.00% overall alignment rate
1000 reads; of these:
  1000 (100.00%) were unpaired; of these:
    1000 (100.00%) aligned 0 times
    0 (0.00%) aligned exactly 1 time
    0 (0.00%) aligned >1 times
0.00% overall alignment rate
2 reads; of these:
  2 (100.00%) were unpaired; of these:
    2 (100.00%) aligned 0 times
    0 (0.00%) aligned exactly 1 time
    0 (0.00%) aligned >1 times
0.00% overall alignment rate
Running without mySQLdb library
1000 reads; of these:
  1000 (100.00%) were unpaired; of these:
    997 (99.70%) aligned 0 times
    2 (0.20%) aligned exactly 1 time
    1 (0.10%) aligned >1 times
0.30% overall alignment rate
1000 reads; of these:
  1000 (100.00%) were unpaired; of these:
    999 (99.90%) aligned 0 times
    0 (0.00%) aligned exactly 1 time
    1 (0.10%) aligned >1 times
0.10% overall alignment rate
1000 reads; of these:
  1000 (100.00%) were unpaired; of these:
    997 (99.70%) aligned 0 times
    0 (0.00%) aligned exactly 1 time
    3 (0.30%) aligned >1 times
0.30% overall alignment rate
3 reads; of these:
  3 (100.00%) were unpaired; of these:
    3 (100.00%) aligned 0 times
    0 (0.00%) aligned exactly 1 time
    0 (0.00%) aligned >1 times
0.00% overall alignment rate
Running without mySQLdb library
1000 reads; of these:
  1000 (100.00%) were unpaired; of these:
    1000 (100.00%) aligned 0 times
    0 (0.00%) aligned exactly 1 time
    0 (0.00%) aligned >1 times
0.00% overall alignment rate
1000 reads; of these:
  1000 (100.00%) were unpaired; of these:
    1000 (100.00%) aligned 0 times
    0 (0.00%) aligned exactly 1 time
    0 (0.00%) aligned >1 times
0.00% overall alignment rate
1000 reads; of these:
  1000 (100.00%) were unpaired; of these:
    1000 (100.00%) aligned 0 times
    0 (0.00%) aligned exactly 1 time
    0 (0.00%) aligned >1 times
0.00% overall alignment rate
0 reads
0.00% overall alignment rate
Running without mySQLdb library
1000 reads; of these:
  1000 (100.00%) were unpaired; of these:
    1000 (100.00%) aligned 0 times
    0 (0.00%) aligned exactly 1 time
    0 (0.00%) aligned >1 times
0.00% overall alignment rate
1000 reads; of these:
  1000 (100.00%) were unpaired; of these:
    1000 (100.00%) aligned 0 times
    0 (0.00%) aligned exactly 1 time
    0 (0.00%) aligned >1 times
0.00% overall alignment rate
1000 reads; of these:
  1000 (100.00%) were unpaired; of these:
    1000 (100.00%) aligned 0 times
    0 (0.00%) aligned exactly 1 time
    0 (0.00%) aligned >1 times
0.00% overall alignment rate
0 reads
0.00% overall alignment rate
Running without mySQLdb library
1000 reads; of these:
  1000 (100.00%) were unpaired; of these:
    999 (99.90%) aligned 0 times
    0 (0.00%) aligned exactly 1 time
    1 (0.10%) aligned >1 times
0.10% overall alignment rate
1000 reads; of these:
  1000 (100.00%) were unpaired; of these:
    999 (99.90%) aligned 0 times
    1 (0.10%) aligned exactly 1 time
    0 (0.00%) aligned >1 times
0.10% overall alignment rate
1000 reads; of these:
  1000 (100.00%) were unpaired; of these:
    999 (99.90%) aligned 0 times
    0 (0.00%) aligned exactly 1 time
    1 (0.10%) aligned >1 times
0.10% overall alignment rate
1 reads; of these:
  1 (100.00%) were unpaired; of these:
    1 (100.00%) aligned 0 times
    0 (0.00%) aligned exactly 1 time
    0 (0.00%) aligned >1 times
0.00% overall alignment rate
Running without mySQLdb library
1000 reads; of these:
  1000 (100.00%) were unpaired; of these:
    1000 (100.00%) aligned 0 times
    0 (0.00%) aligned exactly 1 time
    0 (0.00%) aligned >1 times
0.00% overall alignment rate
1000 reads; of these:
  1000 (100.00%) were unpaired; of these:
    1000 (100.00%) aligned 0 times
    0 (0.00%) aligned exactly 1 time
    0 (0.00%) aligned >1 times
0.00% overall alignment rate
1000 reads; of these:
  1000 (100.00%) were unpaired; of these:
    1000 (100.00%) aligned 0 times
    0 (0.00%) aligned exactly 1 time
    0 (0.00%) aligned >1 times
0.00% overall alignment rate
0 reads
0.00% overall alignment rate
Running without mySQLdb library
1000 reads; of these:
  1000 (100.00%) were unpaired; of these:
    1000 (100.00%) aligned 0 times
    0 (0.00%) aligned exactly 1 time
    0 (0.00%) aligned >1 times
0.00% overall alignment rate
1000 reads; of these:
  1000 (100.00%) were unpaired; of these:
    1000 (100.00%) aligned 0 times
    0 (0.00%) aligned exactly 1 time
    0 (0.00%) aligned >1 times
0.00% overall alignment rate
1000 reads; of these:
  1000 (100.00%) were unpaired; of these:
    1000 (100.00%) aligned 0 times
    0 (0.00%) aligned exactly 1 time
    0 (0.00%) aligned >1 times
0.00% overall alignment rate
0 reads
0.00% overall alignment rate
