/home/playera1/sandbox/classifier_comparison2/pathoscope_singles/results_patho_singles_CCS/patho_input_115315628.IDinput
patho_input_115315628
Running without mySQLdb library
/home/playera1/sandbox/classifier_comparison2/pathoscope_singles/results_patho_singles_CCS/patho_input_55770807.IDinput
patho_input_55770807
Running without mySQLdb library
/home/playera1/sandbox/classifier_comparison2/pathoscope_singles/results_patho_singles_CCS/patho_input_188587536.IDinput
patho_input_188587536
Running without mySQLdb library
/home/playera1/sandbox/classifier_comparison2/pathoscope_singles/results_patho_singles_CCS/patho_input_544393402.IDinput
patho_input_544393402
Running without mySQLdb library
/home/playera1/sandbox/classifier_comparison2/pathoscope_singles/results_patho_singles_CCS/patho_input_9629378.IDinput
patho_input_9629378
Running without mySQLdb library
/home/playera1/sandbox/classifier_comparison2/pathoscope_singles/results_patho_singles_CCS/patho_input_19525721.IDinput
patho_input_19525721
Running without mySQLdb library
/home/playera1/sandbox/classifier_comparison2/pathoscope_singles/results_patho_singles_CCS/patho_input_211956446.IDinput
patho_input_211956446
Running without mySQLdb library
/home/playera1/sandbox/classifier_comparison2/pathoscope_singles/results_patho_singles_CCS/patho_input_34303903.IDinput
patho_input_34303903
Running without mySQLdb library
/home/playera1/sandbox/classifier_comparison2/pathoscope_singles/results_patho_singles_CCS/patho_input_9626719.IDinput
patho_input_9626719
Running without mySQLdb library
/home/playera1/sandbox/classifier_comparison2/pathoscope_singles/results_patho_singles_CCS/patho_input_325955721.IDinput
patho_input_325955721
Running without mySQLdb library
/home/playera1/sandbox/classifier_comparison2/pathoscope_singles/results_patho_singles_CCS/patho_input_227811309.IDinput
patho_input_227811309
Running without mySQLdb library
/home/playera1/sandbox/classifier_comparison2/pathoscope_singles/results_patho_singles_CCS/patho_input_564619457.IDinput
patho_input_564619457
Running without mySQLdb library
Traceback (most recent call last):
  File "/usr/local/bin/pathoscope", line 9, in <module>
    load_entry_point('PathoScope==2.0.6', 'console_scripts', 'pathoscope')()
  File "/usr/local/lib/python2.7/dist-packages/PathoScope-2.0.6-py2.7.egg/pathoscope/pathoscope2.py", line 278, in main
    PathoID.pathoscope_reassign(pathoIdOptions)
  File "/usr/local/lib/python2.7/dist-packages/PathoScope-2.0.6-py2.7.egg/pathoscope/pathoid/PathoID.py", line 175, in pathoscope_reassign
    (U, NU, genomes, reads) = conv_align2GRmat(ali_file,scoreCutoff,aliFormat)
  File "/usr/local/lib/python2.7/dist-packages/PathoScope-2.0.6-py2.7.egg/pathoscope/pathoid/PathoID.py", line 127, in conv_align2GRmat
    (U, NU) = samUtils.rescale_samscore(U, NU, maxScore, minScore)
  File "/usr/local/lib/python2.7/dist-packages/PathoScope-2.0.6-py2.7.egg/pathoscope/utils/samUtils.py", line 301, in rescale_samscore
    scalingFactor = 100.0 / (maxScore - minScore)
TypeError: unsupported operand type(s) for -: 'NoneType' and 'NoneType'
/home/playera1/sandbox/classifier_comparison2/pathoscope_singles/results_patho_singles_CCS/patho_input_9627034.IDinput
patho_input_9627034
Running without mySQLdb library
/home/playera1/sandbox/classifier_comparison2/pathoscope_singles/results_patho_singles_CCS/patho_input_386733559.IDinput
patho_input_386733559
Running without mySQLdb library
/home/playera1/sandbox/classifier_comparison2/pathoscope_singles/results_patho_singles_CCS/patho_input_49169782.IDinput
patho_input_49169782
Running without mySQLdb library
/home/playera1/sandbox/classifier_comparison2/pathoscope_singles/results_patho_singles_CCS/patho_input_379743460.IDinput
patho_input_379743460
Running without mySQLdb library
/home/playera1/sandbox/classifier_comparison2/pathoscope_singles/results_patho_singles_CCS/patho_input_229599623.IDinput
patho_input_229599623
Running without mySQLdb library
/home/playera1/sandbox/classifier_comparison2/pathoscope_singles/results_patho_singles_CCS/patho_input_384189768.IDinput
patho_input_384189768
Running without mySQLdb library
/home/playera1/sandbox/classifier_comparison2/pathoscope_singles/results_patho_singles_CCS/patho_input_59800473.IDinput
patho_input_59800473
Running without mySQLdb library
/home/playera1/sandbox/classifier_comparison2/pathoscope_singles/results_patho_singles_CCS/patho_input_21392688.IDinput
patho_input_21392688
Running without mySQLdb library
/home/playera1/sandbox/classifier_comparison2/pathoscope_singles/results_patho_singles_CCS/patho_input_49183039.IDinput
patho_input_49183039
Running without mySQLdb library
/home/playera1/sandbox/classifier_comparison2/pathoscope_singles/results_patho_singles_CCS/patho_input_49482253.IDinput
patho_input_49482253
Running without mySQLdb library
/home/playera1/sandbox/classifier_comparison2/pathoscope_singles/results_patho_singles_CCS/patho_input_194172857.IDinput
patho_input_194172857
Running without mySQLdb library
/home/playera1/sandbox/classifier_comparison2/pathoscope_singles/results_patho_singles_CCS/patho_input_386617516.IDinput
patho_input_386617516
Running without mySQLdb library
/home/playera1/sandbox/classifier_comparison2/pathoscope_singles/results_patho_singles_CCS/patho_input_386025288.IDinput
patho_input_386025288
Running without mySQLdb library
/home/playera1/sandbox/classifier_comparison2/pathoscope_singles/results_patho_singles_CCS/patho_input_30260195.IDinput
patho_input_30260195
Running without mySQLdb library
