Running without mySQLdb library
Out of memory allocating the ebwt[] array for the Bowtie index.  Please try
again on a computer with more memory.
Error: Encountered internal Bowtie 2 exception (#1)
Command: /usr/bin/bowtie2-align --wrapper basic-0 -x ./patho_comp_target-lib_ti_0 -p 8 --very-sensitive-local -k 100 --score-min L,20,1.0 -S /home/playera1/sandbox/classifier_comparison2/pathoscope_singles/results_patho_singles_CCS/patho_input_227811309-patho_comp_target-lib_ti_0.sam -U /home/playera1/sandbox/classifier_comparison2/metagenomic_input/PATHOSCOPE_input/CCS_meta_sim_1k/patho_input_227811309.fq 
bowtie2-align exited with value 1
Out of memory allocating the ebwt[] array for the Bowtie index.  Please try
again on a computer with more memory.
Error: Encountered internal Bowtie 2 exception (#1)
Command: /usr/bin/bowtie2-align --wrapper basic-0 -x ./patho_comp_target-lib_ti_1 -p 8 --very-sensitive-local -k 100 --score-min L,20,1.0 -S /home/playera1/sandbox/classifier_comparison2/pathoscope_singles/results_patho_singles_CCS/patho_input_227811309-patho_comp_target-lib_ti_1.sam -U /home/playera1/sandbox/classifier_comparison2/metagenomic_input/PATHOSCOPE_input/CCS_meta_sim_1k/patho_input_227811309.fq 
bowtie2-align exited with value 1
1000 reads; of these:
  1000 (100.00%) were unpaired; of these:
    0 (0.00%) aligned 0 times
    11 (1.10%) aligned exactly 1 time
    989 (98.90%) aligned >1 times
100.00% overall alignment rate
1000 reads; of these:
  1000 (100.00%) were unpaired; of these:
    1000 (100.00%) aligned 0 times
    0 (0.00%) aligned exactly 1 time
    0 (0.00%) aligned >1 times
0.00% overall alignment rate
Running without mySQLdb library
bowtie2-align died with signal 9 (KILL) 
1000 reads; of these:
  1000 (100.00%) were unpaired; of these:
    0 (0.00%) aligned 0 times
    1000 (100.00%) aligned exactly 1 time
    0 (0.00%) aligned >1 times
100.00% overall alignment rate
1000 reads; of these:
  1000 (100.00%) were unpaired; of these:
    1000 (100.00%) aligned 0 times
    0 (0.00%) aligned exactly 1 time
    0 (0.00%) aligned >1 times
0.00% overall alignment rate
1000 reads; of these:
  1000 (100.00%) were unpaired; of these:
    1000 (100.00%) aligned 0 times
    0 (0.00%) aligned exactly 1 time
    0 (0.00%) aligned >1 times
0.00% overall alignment rate
Running without mySQLdb library
bowtie2-align died with signal 9 (KILL) 
Out of memory allocating the ebwt[] array for the Bowtie index.  Please try
again on a computer with more memory.
Error: Encountered internal Bowtie 2 exception (#1)
Command: /usr/bin/bowtie2-align --wrapper basic-0 -x ./patho_comp_target-lib_ti_1 -p 8 --very-sensitive-local -k 100 --score-min L,20,1.0 -S /home/playera1/sandbox/classifier_comparison2/pathoscope_singles/results_patho_singles_CCS/patho_input_386733559-patho_comp_target-lib_ti_1.sam -U /home/playera1/sandbox/classifier_comparison2/metagenomic_input/PATHOSCOPE_input/CCS_meta_sim_1k/patho_input_386733559.fq 
bowtie2-align exited with value 1
1000 reads; of these:
  1000 (100.00%) were unpaired; of these:
    1 (0.10%) aligned 0 times
    522 (52.20%) aligned exactly 1 time
    477 (47.70%) aligned >1 times
99.90% overall alignment rate
999 reads; of these:
  999 (100.00%) were unpaired; of these:
    999 (100.00%) aligned 0 times
    0 (0.00%) aligned exactly 1 time
    0 (0.00%) aligned >1 times
0.00% overall alignment rate
Running without mySQLdb library
bowtie2-align died with signal 9 (KILL) 
1000 reads; of these:
  1000 (100.00%) were unpaired; of these:
    1000 (100.00%) aligned 0 times
    0 (0.00%) aligned exactly 1 time
    0 (0.00%) aligned >1 times
0.00% overall alignment rate
1000 reads; of these:
  1000 (100.00%) were unpaired; of these:
    1000 (100.00%) aligned 0 times
    0 (0.00%) aligned exactly 1 time
    0 (0.00%) aligned >1 times
0.00% overall alignment rate
0 reads
0.00% overall alignment rate
Running without mySQLdb library
bowtie2-align died with signal 9 (KILL) 
1000 reads; of these:
  1000 (100.00%) were unpaired; of these:
    288 (28.80%) aligned 0 times
    684 (68.40%) aligned exactly 1 time
    28 (2.80%) aligned >1 times
71.20% overall alignment rate
1000 reads; of these:
  1000 (100.00%) were unpaired; of these:
    968 (96.80%) aligned 0 times
    7 (0.70%) aligned exactly 1 time
    25 (2.50%) aligned >1 times
3.20% overall alignment rate
713 reads; of these:
  713 (100.00%) were unpaired; of these:
    713 (100.00%) aligned 0 times
    0 (0.00%) aligned exactly 1 time
    0 (0.00%) aligned >1 times
0.00% overall alignment rate
Running without mySQLdb library
bowtie2-align died with signal 9 (KILL) 
1000 reads; of these:
  1000 (100.00%) were unpaired; of these:
    1 (0.10%) aligned 0 times
    126 (12.60%) aligned exactly 1 time
    873 (87.30%) aligned >1 times
99.90% overall alignment rate
1000 reads; of these:
  1000 (100.00%) were unpaired; of these:
    0 (0.00%) aligned 0 times
    0 (0.00%) aligned exactly 1 time
    1000 (100.00%) aligned >1 times
100.00% overall alignment rate
1000 reads; of these:
  1000 (100.00%) were unpaired; of these:
    1000 (100.00%) aligned 0 times
    0 (0.00%) aligned exactly 1 time
    0 (0.00%) aligned >1 times
0.00% overall alignment rate
Running without mySQLdb library
Out of memory allocating the ebwt[] array for the Bowtie index.  Please try
again on a computer with more memory.
Error: Encountered internal Bowtie 2 exception (#1)
Command: /usr/bin/bowtie2-align --wrapper basic-0 -x ./patho_comp_target-lib_ti_0 -p 8 --very-sensitive-local -k 100 --score-min L,20,1.0 -S /home/playera1/sandbox/classifier_comparison2/pathoscope_singles/results_patho_singles_CCS/patho_input_115315628-patho_comp_target-lib_ti_0.sam -U /home/playera1/sandbox/classifier_comparison2/metagenomic_input/PATHOSCOPE_input/CCS_meta_sim_1k/patho_input_115315628.fq 
bowtie2-align exited with value 1
1000 reads; of these:
  1000 (100.00%) were unpaired; of these:
    407 (40.70%) aligned 0 times
    144 (14.40%) aligned exactly 1 time
    449 (44.90%) aligned >1 times
59.30% overall alignment rate
1000 reads; of these:
  1000 (100.00%) were unpaired; of these:
    26 (2.60%) aligned 0 times
    221 (22.10%) aligned exactly 1 time
    753 (75.30%) aligned >1 times
97.40% overall alignment rate
976 reads; of these:
  976 (100.00%) were unpaired; of these:
    976 (100.00%) aligned 0 times
    0 (0.00%) aligned exactly 1 time
    0 (0.00%) aligned >1 times
0.00% overall alignment rate
Running without mySQLdb library
Out of memory allocating the ebwt[] array for the Bowtie index.  Please try
again on a computer with more memory.
Error: Encountered internal Bowtie 2 exception (#1)
Command: /usr/bin/bowtie2-align --wrapper basic-0 -x ./patho_comp_target-lib_ti_0 -p 8 --very-sensitive-local -k 100 --score-min L,20,1.0 -S /home/playera1/sandbox/classifier_comparison2/pathoscope_singles/results_patho_singles_CCS/patho_input_379743460-patho_comp_target-lib_ti_0.sam -U /home/playera1/sandbox/classifier_comparison2/metagenomic_input/PATHOSCOPE_input/CCS_meta_sim_1k/patho_input_379743460.fq 
bowtie2-align exited with value 1
1000 reads; of these:
  1000 (100.00%) were unpaired; of these:
    0 (0.00%) aligned 0 times
    0 (0.00%) aligned exactly 1 time
    1000 (100.00%) aligned >1 times
100.00% overall alignment rate
1000 reads; of these:
  1000 (100.00%) were unpaired; of these:
    4 (0.40%) aligned 0 times
    26 (2.60%) aligned exactly 1 time
    970 (97.00%) aligned >1 times
99.60% overall alignment rate
1000 reads; of these:
  1000 (100.00%) were unpaired; of these:
    1000 (100.00%) aligned 0 times
    0 (0.00%) aligned exactly 1 time
    0 (0.00%) aligned >1 times
0.00% overall alignment rate
Running without mySQLdb library
1000 reads; of these:
  1000 (100.00%) were unpaired; of these:
    1000 (100.00%) aligned 0 times
    0 (0.00%) aligned exactly 1 time
    0 (0.00%) aligned >1 times
0.00% overall alignment rate
1000 reads; of these:
  1000 (100.00%) were unpaired; of these:
    0 (0.00%) aligned 0 times
    1000 (100.00%) aligned exactly 1 time
    0 (0.00%) aligned >1 times
100.00% overall alignment rate
1000 reads; of these:
  1000 (100.00%) were unpaired; of these:
    1000 (100.00%) aligned 0 times
    0 (0.00%) aligned exactly 1 time
    0 (0.00%) aligned >1 times
0.00% overall alignment rate
1000 reads; of these:
  1000 (100.00%) were unpaired; of these:
    1000 (100.00%) aligned 0 times
    0 (0.00%) aligned exactly 1 time
    0 (0.00%) aligned >1 times
0.00% overall alignment rate
Running without mySQLdb library
1000 reads; of these:
  1000 (100.00%) were unpaired; of these:
    0 (0.00%) aligned 0 times
    1000 (100.00%) aligned exactly 1 time
    0 (0.00%) aligned >1 times
100.00% overall alignment rate
1000 reads; of these:
  1000 (100.00%) were unpaired; of these:
    1000 (100.00%) aligned 0 times
    0 (0.00%) aligned exactly 1 time
    0 (0.00%) aligned >1 times
0.00% overall alignment rate
1000 reads; of these:
  1000 (100.00%) were unpaired; of these:
    1000 (100.00%) aligned 0 times
    0 (0.00%) aligned exactly 1 time
    0 (0.00%) aligned >1 times
0.00% overall alignment rate
1000 reads; of these:
  1000 (100.00%) were unpaired; of these:
    1000 (100.00%) aligned 0 times
    0 (0.00%) aligned exactly 1 time
    0 (0.00%) aligned >1 times
0.00% overall alignment rate
Running without mySQLdb library
1000 reads; of these:
  1000 (100.00%) were unpaired; of these:
    991 (99.10%) aligned 0 times
    9 (0.90%) aligned exactly 1 time
    0 (0.00%) aligned >1 times
0.90% overall alignment rate
1000 reads; of these:
  1000 (100.00%) were unpaired; of these:
    992 (99.20%) aligned 0 times
    7 (0.70%) aligned exactly 1 time
    1 (0.10%) aligned >1 times
0.80% overall alignment rate
1000 reads; of these:
  1000 (100.00%) were unpaired; of these:
    831 (83.10%) aligned 0 times
    145 (14.50%) aligned exactly 1 time
    24 (2.40%) aligned >1 times
16.90% overall alignment rate
170 reads; of these:
  170 (100.00%) were unpaired; of these:
    170 (100.00%) aligned 0 times
    0 (0.00%) aligned exactly 1 time
    0 (0.00%) aligned >1 times
0.00% overall alignment rate
Running without mySQLdb library
1000 reads; of these:
  1000 (100.00%) were unpaired; of these:
    899 (89.90%) aligned 0 times
    101 (10.10%) aligned exactly 1 time
    0 (0.00%) aligned >1 times
10.10% overall alignment rate
1000 reads; of these:
  1000 (100.00%) were unpaired; of these:
    0 (0.00%) aligned 0 times
    1000 (100.00%) aligned exactly 1 time
    0 (0.00%) aligned >1 times
100.00% overall alignment rate
1000 reads; of these:
  1000 (100.00%) were unpaired; of these:
    845 (84.50%) aligned 0 times
    36 (3.60%) aligned exactly 1 time
    119 (11.90%) aligned >1 times
15.50% overall alignment rate
1000 reads; of these:
  1000 (100.00%) were unpaired; of these:
    1000 (100.00%) aligned 0 times
    0 (0.00%) aligned exactly 1 time
    0 (0.00%) aligned >1 times
0.00% overall alignment rate
Running without mySQLdb library
1000 reads; of these:
  1000 (100.00%) were unpaired; of these:
    1000 (100.00%) aligned 0 times
    0 (0.00%) aligned exactly 1 time
    0 (0.00%) aligned >1 times
0.00% overall alignment rate
1000 reads; of these:
  1000 (100.00%) were unpaired; of these:
    1000 (100.00%) aligned 0 times
    0 (0.00%) aligned exactly 1 time
    0 (0.00%) aligned >1 times
0.00% overall alignment rate
1000 reads; of these:
  1000 (100.00%) were unpaired; of these:
    0 (0.00%) aligned 0 times
    1000 (100.00%) aligned exactly 1 time
    0 (0.00%) aligned >1 times
100.00% overall alignment rate
1000 reads; of these:
  1000 (100.00%) were unpaired; of these:
    1000 (100.00%) aligned 0 times
    0 (0.00%) aligned exactly 1 time
    0 (0.00%) aligned >1 times
0.00% overall alignment rate
Running without mySQLdb library
bowtie2-align died with signal 9 (KILL) 
1000 reads; of these:
  1000 (100.00%) were unpaired; of these:
    14 (1.40%) aligned 0 times
    26 (2.60%) aligned exactly 1 time
    960 (96.00%) aligned >1 times
98.60% overall alignment rate
1000 reads; of these:
  1000 (100.00%) were unpaired; of these:
    0 (0.00%) aligned 0 times
    5 (0.50%) aligned exactly 1 time
    995 (99.50%) aligned >1 times
100.00% overall alignment rate
1000 reads; of these:
  1000 (100.00%) were unpaired; of these:
    1000 (100.00%) aligned 0 times
    0 (0.00%) aligned exactly 1 time
    0 (0.00%) aligned >1 times
0.00% overall alignment rate
Running without mySQLdb library
bowtie2-align died with signal 9 (KILL) 
1000 reads; of these:
  1000 (100.00%) were unpaired; of these:
    0 (0.00%) aligned 0 times
    33 (3.30%) aligned exactly 1 time
    967 (96.70%) aligned >1 times
100.00% overall alignment rate
1000 reads; of these:
  1000 (100.00%) were unpaired; of these:
    0 (0.00%) aligned 0 times
    0 (0.00%) aligned exactly 1 time
    1000 (100.00%) aligned >1 times
100.00% overall alignment rate
1000 reads; of these:
  1000 (100.00%) were unpaired; of these:
    1000 (100.00%) aligned 0 times
    0 (0.00%) aligned exactly 1 time
    0 (0.00%) aligned >1 times
0.00% overall alignment rate
Running without mySQLdb library
bowtie2-align died with signal 9 (KILL) 
1000 reads; of these:
  1000 (100.00%) were unpaired; of these:
    46 (4.60%) aligned 0 times
    27 (2.70%) aligned exactly 1 time
    927 (92.70%) aligned >1 times
95.40% overall alignment rate
1000 reads; of these:
  1000 (100.00%) were unpaired; of these:
    10 (1.00%) aligned 0 times
    50 (5.00%) aligned exactly 1 time
    940 (94.00%) aligned >1 times
99.00% overall alignment rate
993 reads; of these:
  993 (100.00%) were unpaired; of these:
    993 (100.00%) aligned 0 times
    0 (0.00%) aligned exactly 1 time
    0 (0.00%) aligned >1 times
0.00% overall alignment rate
Running without mySQLdb library
1000 reads; of these:
  1000 (100.00%) were unpaired; of these:
    953 (95.30%) aligned 0 times
    47 (4.70%) aligned exactly 1 time
    0 (0.00%) aligned >1 times
4.70% overall alignment rate
1000 reads; of these:
  1000 (100.00%) were unpaired; of these:
    0 (0.00%) aligned 0 times
    1000 (100.00%) aligned exactly 1 time
    0 (0.00%) aligned >1 times
100.00% overall alignment rate
1000 reads; of these:
  1000 (100.00%) were unpaired; of these:
    1000 (100.00%) aligned 0 times
    0 (0.00%) aligned exactly 1 time
    0 (0.00%) aligned >1 times
0.00% overall alignment rate
1000 reads; of these:
  1000 (100.00%) were unpaired; of these:
    1000 (100.00%) aligned 0 times
    0 (0.00%) aligned exactly 1 time
    0 (0.00%) aligned >1 times
0.00% overall alignment rate
Running without mySQLdb library
1000 reads; of these:
  1000 (100.00%) were unpaired; of these:
    1000 (100.00%) aligned 0 times
    0 (0.00%) aligned exactly 1 time
    0 (0.00%) aligned >1 times
0.00% overall alignment rate
1000 reads; of these:
  1000 (100.00%) were unpaired; of these:
    0 (0.00%) aligned 0 times
    931 (93.10%) aligned exactly 1 time
    69 (6.90%) aligned >1 times
100.00% overall alignment rate
1000 reads; of these:
  1000 (100.00%) were unpaired; of these:
    1000 (100.00%) aligned 0 times
    0 (0.00%) aligned exactly 1 time
    0 (0.00%) aligned >1 times
0.00% overall alignment rate
1000 reads; of these:
  1000 (100.00%) were unpaired; of these:
    1000 (100.00%) aligned 0 times
    0 (0.00%) aligned exactly 1 time
    0 (0.00%) aligned >1 times
0.00% overall alignment rate
Running without mySQLdb library
1000 reads; of these:
  1000 (100.00%) were unpaired; of these:
    375 (37.50%) aligned 0 times
    307 (30.70%) aligned exactly 1 time
    318 (31.80%) aligned >1 times
62.50% overall alignment rate
1000 reads; of these:
  1000 (100.00%) were unpaired; of these:
    0 (0.00%) aligned 0 times
    0 (0.00%) aligned exactly 1 time
    1000 (100.00%) aligned >1 times
100.00% overall alignment rate
1000 reads; of these:
  1000 (100.00%) were unpaired; of these:
    0 (0.00%) aligned 0 times
    521 (52.10%) aligned exactly 1 time
    479 (47.90%) aligned >1 times
100.00% overall alignment rate
1000 reads; of these:
  1000 (100.00%) were unpaired; of these:
    1000 (100.00%) aligned 0 times
    0 (0.00%) aligned exactly 1 time
    0 (0.00%) aligned >1 times
0.00% overall alignment rate
Running without mySQLdb library
1000 reads; of these:
  1000 (100.00%) were unpaired; of these:
    0 (0.00%) aligned 0 times
    0 (0.00%) aligned exactly 1 time
    1000 (100.00%) aligned >1 times
100.00% overall alignment rate
1000 reads; of these:
  1000 (100.00%) were unpaired; of these:
    0 (0.00%) aligned 0 times
    696 (69.60%) aligned exactly 1 time
    304 (30.40%) aligned >1 times
100.00% overall alignment rate
1000 reads; of these:
  1000 (100.00%) were unpaired; of these:
    0 (0.00%) aligned 0 times
    8 (0.80%) aligned exactly 1 time
    992 (99.20%) aligned >1 times
100.00% overall alignment rate
1000 reads; of these:
  1000 (100.00%) were unpaired; of these:
    1000 (100.00%) aligned 0 times
    0 (0.00%) aligned exactly 1 time
    0 (0.00%) aligned >1 times
0.00% overall alignment rate
Running without mySQLdb library
1000 reads; of these:
  1000 (100.00%) were unpaired; of these:
    0 (0.00%) aligned 0 times
    763 (76.30%) aligned exactly 1 time
    237 (23.70%) aligned >1 times
100.00% overall alignment rate
1000 reads; of these:
  1000 (100.00%) were unpaired; of these:
    170 (17.00%) aligned 0 times
    791 (79.10%) aligned exactly 1 time
    39 (3.90%) aligned >1 times
83.00% overall alignment rate
1000 reads; of these:
  1000 (100.00%) were unpaired; of these:
    141 (14.10%) aligned 0 times
    656 (65.60%) aligned exactly 1 time
    203 (20.30%) aligned >1 times
85.90% overall alignment rate
1000 reads; of these:
  1000 (100.00%) were unpaired; of these:
    1000 (100.00%) aligned 0 times
    0 (0.00%) aligned exactly 1 time
    0 (0.00%) aligned >1 times
0.00% overall alignment rate
Running without mySQLdb library
1000 reads; of these:
  1000 (100.00%) were unpaired; of these:
    132 (13.20%) aligned 0 times
    44 (4.40%) aligned exactly 1 time
    824 (82.40%) aligned >1 times
86.80% overall alignment rate
1000 reads; of these:
  1000 (100.00%) were unpaired; of these:
    0 (0.00%) aligned 0 times
    129 (12.90%) aligned exactly 1 time
    871 (87.10%) aligned >1 times
100.00% overall alignment rate
1000 reads; of these:
  1000 (100.00%) were unpaired; of these:
    96 (9.60%) aligned 0 times
    111 (11.10%) aligned exactly 1 time
    793 (79.30%) aligned >1 times
90.40% overall alignment rate
1000 reads; of these:
  1000 (100.00%) were unpaired; of these:
    1000 (100.00%) aligned 0 times
    0 (0.00%) aligned exactly 1 time
    0 (0.00%) aligned >1 times
0.00% overall alignment rate
Running without mySQLdb library
1000 reads; of these:
  1000 (100.00%) were unpaired; of these:
    0 (0.00%) aligned 0 times
    137 (13.70%) aligned exactly 1 time
    863 (86.30%) aligned >1 times
100.00% overall alignment rate
1000 reads; of these:
  1000 (100.00%) were unpaired; of these:
    20 (2.00%) aligned 0 times
    83 (8.30%) aligned exactly 1 time
    897 (89.70%) aligned >1 times
98.00% overall alignment rate
1000 reads; of these:
  1000 (100.00%) were unpaired; of these:
    181 (18.10%) aligned 0 times
    22 (2.20%) aligned exactly 1 time
    797 (79.70%) aligned >1 times
81.90% overall alignment rate
1000 reads; of these:
  1000 (100.00%) were unpaired; of these:
    1000 (100.00%) aligned 0 times
    0 (0.00%) aligned exactly 1 time
    0 (0.00%) aligned >1 times
0.00% overall alignment rate
Running without mySQLdb library
1000 reads; of these:
  1000 (100.00%) were unpaired; of these:
    0 (0.00%) aligned 0 times
    0 (0.00%) aligned exactly 1 time
    1000 (100.00%) aligned >1 times
100.00% overall alignment rate
1000 reads; of these:
  1000 (100.00%) were unpaired; of these:
    0 (0.00%) aligned 0 times
    33 (3.30%) aligned exactly 1 time
    967 (96.70%) aligned >1 times
100.00% overall alignment rate
1000 reads; of these:
  1000 (100.00%) were unpaired; of these:
    0 (0.00%) aligned 0 times
    0 (0.00%) aligned exactly 1 time
    1000 (100.00%) aligned >1 times
100.00% overall alignment rate
1000 reads; of these:
  1000 (100.00%) were unpaired; of these:
    1000 (100.00%) aligned 0 times
    0 (0.00%) aligned exactly 1 time
    0 (0.00%) aligned >1 times
0.00% overall alignment rate
Running without mySQLdb library
1000 reads; of these:
  1000 (100.00%) were unpaired; of these:
    24 (2.40%) aligned 0 times
    11 (1.10%) aligned exactly 1 time
    965 (96.50%) aligned >1 times
97.60% overall alignment rate
1000 reads; of these:
  1000 (100.00%) were unpaired; of these:
    0 (0.00%) aligned 0 times
    22 (2.20%) aligned exactly 1 time
    978 (97.80%) aligned >1 times
100.00% overall alignment rate
1000 reads; of these:
  1000 (100.00%) were unpaired; of these:
    55 (5.50%) aligned 0 times
    27 (2.70%) aligned exactly 1 time
    918 (91.80%) aligned >1 times
94.50% overall alignment rate
1000 reads; of these:
  1000 (100.00%) were unpaired; of these:
    1000 (100.00%) aligned 0 times
    0 (0.00%) aligned exactly 1 time
    0 (0.00%) aligned >1 times
0.00% overall alignment rate
Running without mySQLdb library
1000 reads; of these:
  1000 (100.00%) were unpaired; of these:
    0 (0.00%) aligned 0 times
    150 (15.00%) aligned exactly 1 time
    850 (85.00%) aligned >1 times
100.00% overall alignment rate
1000 reads; of these:
  1000 (100.00%) were unpaired; of these:
    150 (15.00%) aligned 0 times
    17 (1.70%) aligned exactly 1 time
    833 (83.30%) aligned >1 times
85.00% overall alignment rate
1000 reads; of these:
  1000 (100.00%) were unpaired; of these:
    0 (0.00%) aligned 0 times
    0 (0.00%) aligned exactly 1 time
    1000 (100.00%) aligned >1 times
100.00% overall alignment rate
1000 reads; of these:
  1000 (100.00%) were unpaired; of these:
    1000 (100.00%) aligned 0 times
    0 (0.00%) aligned exactly 1 time
    0 (0.00%) aligned >1 times
0.00% overall alignment rate
